# JRE version: OpenJDK Runtime Environment (17.0.6) (build 17.0.6+0-b2043.56-10027231)
# Java VM: OpenJDK 64-Bit Server VM (17.0.6+0-b2043.56-10027231, mixed mode, tiered, compressed oops, compressed class ptrs, g1 gc, windows-amd64)
GC Precious Log:
 CPUs: 12 total, 12 available
 Memory: 16122M
 Large Page Support: Disabled
 NUMA Support: Disabled
 Compressed Oops: Enabled (32-bit)
 Heap Region Size: 1M
 Heap Min Capacity: 8M
 Heap Initial Capacity: 252M
 Heap Max Capacity: 2G
 Pre-touch: Disabled
 Parallel Workers: 10
 Concurrent Workers: 3
 Concurrent Refinement Workers: 10
 Periodic GC: Disabled
Heap:
 garbage-first heap   total 141312K, used 96056K [0x0000000080000000, 0x0000000100000000)
  region size 1024K, 60 young (61440K), 4 survivors (4096K)
 Metaspace       used 66856K, committed 67328K, reserved 1114112K
  class space    used 8735K, committed 8960K, reserved 1048576K
GC Heap History (20 events):
Event: 2.440 GC heap before
{Heap before GC invocations=6 (full 0):
 garbage-first heap   total 65536K, used 46419K [0x0000000080000000, 0x0000000100000000)
  region size 1024K, 26 young (26624K), 1 survivors (1024K)
 Metaspace       used 30121K, committed 30400K, reserved 1081344K
  class space    used 4095K, committed 4224K, reserved 1048576K
}
Event: 2.442 GC heap after
{Heap after GC invocations=7 (full 0):
 garbage-first heap   total 65536K, used 21940K [0x0000000080000000, 0x0000000100000000)
  region size 1024K, 2 young (2048K), 2 survivors (2048K)
 Metaspace       used 30121K, committed 30400K, reserved 1081344K
  class space    used 4095K, committed 4224K, reserved 1048576K
}
Event: 3.106 GC heap before
{Heap before GC invocations=7 (full 0):
 garbage-first heap   total 65536K, used 47540K [0x0000000080000000, 0x0000000100000000)
  region size 1024K, 28 young (28672K), 2 survivors (2048K)
 Metaspace       used 34974K, committed 35264K, reserved 1081344K
  class space    used 4746K, committed 4864K, reserved 1048576K
}
Event: 3.108 GC heap after
{Heap after GC invocations=8 (full 0):
 garbage-first heap   total 65536K, used 23143K [0x0000000080000000, 0x0000000100000000)
  region size 1024K, 3 young (3072K), 3 survivors (3072K)
 Metaspace       used 34974K, committed 35264K, reserved 1081344K
  class space    used 4746K, committed 4864K, reserved 1048576K
}
Event: 3.146 GC heap before
{Heap before GC invocations=8 (full 0):
 garbage-first heap   total 65536K, used 25191K [0x0000000080000000, 0x0000000100000000)
  region size 1024K, 7 young (7168K), 3 survivors (3072K)
 Metaspace       used 35641K, committed 35968K, reserved 1081344K
  class space    used 4810K, committed 4992K, reserved 1048576K
}
Event: 3.148 GC heap after
{Heap after GC invocations=9 (full 0):
 garbage-first heap   total 65536K, used 24636K [0x0000000080000000, 0x0000000100000000)
  region size 1024K, 3 young (3072K), 3 survivors (3072K)
 Metaspace       used 35641K, committed 35968K, reserved 1081344K
  class space    used 4810K, committed 4992K, reserved 1048576K
}
Event: 3.346 GC heap before
{Heap before GC invocations=10 (full 0):
 garbage-first heap   total 65536K, used 48188K [0x0000000080000000, 0x0000000100000000)
  region size 1024K, 27 young (27648K), 3 survivors (3072K)
 Metaspace       used 37905K, committed 38272K, reserved 1089536K
  class space    used 5163K, committed 5312K, reserved 1048576K
}
Event: 3.348 GC heap after
{Heap after GC invocations=11 (full 0):
 garbage-first heap   total 65536K, used 25978K [0x0000000080000000, 0x0000000100000000)
  region size 1024K, 3 young (3072K), 3 survivors (3072K)
 Metaspace       used 37905K, committed 38272K, reserved 1089536K
  class space    used 5163K, committed 5312K, reserved 1048576K
}
Event: 3.522 GC heap before
{Heap before GC invocations=11 (full 0):
 garbage-first heap   total 65536K, used 48506K [0x0000000080000000, 0x0000000100000000)
  region size 1024K, 26 young (26624K), 3 survivors (3072K)
 Metaspace       used 39146K, committed 39552K, reserved 1089536K
  class space    used 5332K, committed 5504K, reserved 1048576K
}
Event: 3.524 GC heap after
{Heap after GC invocations=12 (full 0):
 garbage-first heap   total 96256K, used 27118K [0x0000000080000000, 0x0000000100000000)
  region size 1024K, 2 young (2048K), 2 survivors (2048K)
 Metaspace       used 39146K, committed 39552K, reserved 1089536K
  class space    used 5332K, committed 5504K, reserved 1048576K
}
Event: 4.046 GC heap before
{Heap before GC invocations=12 (full 0):
 garbage-first heap   total 96256K, used 71150K [0x0000000080000000, 0x0000000100000000)
  region size 1024K, 45 young (46080K), 2 survivors (2048K)
 Metaspace       used 43008K, committed 43392K, reserved 1089536K
  class space    used 5789K, committed 5952K, reserved 1048576K
}
Event: 4.092 GC heap after
{Heap after GC invocations=13 (full 0):
 garbage-first heap   total 96256K, used 29842K [0x0000000080000000, 0x0000000100000000)
  region size 1024K, 5 young (5120K), 5 survivors (5120K)
 Metaspace       used 43008K, committed 43392K, reserved 1089536K
  class space    used 5789K, committed 5952K, reserved 1048576K
}
Event: 4.506 GC heap before
{Heap before GC invocations=13 (full 0):
 garbage-first heap   total 96256K, used 74898K [0x0000000080000000, 0x0000000100000000)
  region size 1024K, 47 young (48128K), 5 survivors (5120K)
 Metaspace       used 48727K, committed 49088K, reserved 1097728K
  class space    used 6415K, committed 6592K, reserved 1048576K
}
Event: 4.514 GC heap after
{Heap after GC invocations=14 (full 0):
 garbage-first heap   total 96256K, used 34328K [0x0000000080000000, 0x0000000100000000)
  region size 1024K, 6 young (6144K), 6 survivors (6144K)
 Metaspace       used 48727K, committed 49088K, reserved 1097728K
  class space    used 6415K, committed 6592K, reserved 1048576K
}
Event: 4.895 GC heap before
{Heap before GC invocations=14 (full 0):
 garbage-first heap   total 96256K, used 73240K [0x0000000080000000, 0x0000000100000000)
  region size 1024K, 44 young (45056K), 6 survivors (6144K)
 Metaspace       used 53037K, committed 53440K, reserved 1097728K
  class space    used 6993K, committed 7168K, reserved 1048576K
}
Event: 4.922 GC heap after
{Heap after GC invocations=15 (full 0):
 garbage-first heap   total 96256K, used 37077K [0x0000000080000000, 0x0000000100000000)
  region size 1024K, 3 young (3072K), 3 survivors (3072K)
 Metaspace       used 53037K, committed 53440K, reserved 1097728K
  class space    used 6993K, committed 7168K, reserved 1048576K
}
Event: 5.364 GC heap before
{Heap before GC invocations=15 (full 0):
 garbage-first heap   total 96256K, used 74965K [0x0000000080000000, 0x0000000100000000)
  region size 1024K, 40 young (40960K), 3 survivors (3072K)
 Metaspace       used 59587K, committed 60032K, reserved 1105920K
  class space    used 7887K, committed 8064K, reserved 1048576K
}
Event: 5.435 GC heap after
{Heap after GC invocations=16 (full 0):
 garbage-first heap   total 141312K, used 40101K [0x0000000080000000, 0x0000000100000000)
  region size 1024K, 5 young (5120K), 5 survivors (5120K)
 Metaspace       used 59587K, committed 60032K, reserved 1105920K
  class space    used 7887K, committed 8064K, reserved 1048576K
}
Event: 5.635 GC heap before
{Heap before GC invocations=16 (full 0):
 garbage-first heap   total 141312K, used 42149K [0x0000000080000000, 0x0000000100000000)
  region size 1024K, 8 young (8192K), 5 survivors (5120K)
 Metaspace       used 60019K, committed 60416K, reserved 1105920K
  class space    used 7951K, committed 8128K, reserved 1048576K
}
Event: 5.638 GC heap after
{Heap after GC invocations=17 (full 0):
 garbage-first heap   total 141312K, used 40760K [0x0000000080000000, 0x0000000100000000)
  region size 1024K, 4 young (4096K), 4 survivors (4096K)
 Metaspace       used 60019K, committed 60416K, reserved 1105920K
  class space    used 7951K, committed 8128K, reserved 1048576K
}

