# JRE version: OpenJDK Runtime Environment (17.0.6) (build 17.0.6+0-b2043.56-10027231)
# Java VM: OpenJDK 64-Bit Server VM (17.0.6+0-b2043.56-10027231, mixed mode, tiered, compressed oops, compressed class ptrs, g1 gc, windows-amd64)
GC Precious Log:
 CPUs: 12 total, 12 available
 Memory: 16122M
 Large Page Support: Disabled
 NUMA Support: Disabled
 Compressed Oops: Enabled (32-bit)
 Heap Region Size: 1M
 Heap Min Capacity: 8M
 Heap Initial Capacity: 252M
 Heap Max Capacity: 2G
 Pre-touch: Disabled
 Parallel Workers: 10
 Concurrent Workers: 3
 Concurrent Refinement Workers: 10
 Periodic GC: Disabled
Heap:
 garbage-first heap   total 349184K, used 133056K [0x0000000080000000, 0x0000000100000000)
  region size 1024K, 6 young (6144K), 6 survivors (6144K)
 Metaspace       used 105448K, committed 106112K, reserved 1146880K
  class space    used 13879K, committed 14208K, reserved 1048576K
GC Heap History (20 events):
Event: 111.200 GC heap after
{Heap after GC invocations=54 (full 0):
 garbage-first heap   total 317440K, used 101254K [0x0000000080000000, 0x0000000100000000)
  region size 1024K, 2 young (2048K), 2 survivors (2048K)
 Metaspace       used 104819K, committed 105536K, reserved 1146880K
  class space    used 13861K, committed 14208K, reserved 1048576K
}
Event: 112.369 GC heap before
{Heap before GC invocations=54 (full 0):
 garbage-first heap   total 317440K, used 257926K [0x0000000080000000, 0x0000000100000000)
  region size 1024K, 153 young (156672K), 2 survivors (2048K)
 Metaspace       used 105097K, committed 105792K, reserved 1146880K
  class space    used 13870K, committed 14208K, reserved 1048576K
}
Event: 112.371 GC heap after
{Heap after GC invocations=55 (full 0):
 garbage-first heap   total 317440K, used 100743K [0x0000000080000000, 0x0000000100000000)
  region size 1024K, 2 young (2048K), 2 survivors (2048K)
 Metaspace       used 105097K, committed 105792K, reserved 1146880K
  class space    used 13870K, committed 14208K, reserved 1048576K
}
Event: 112.814 GC heap before
{Heap before GC invocations=55 (full 0):
 garbage-first heap   total 317440K, used 264583K [0x0000000080000000, 0x0000000100000000)
  region size 1024K, 158 young (161792K), 2 survivors (2048K)
 Metaspace       used 105184K, committed 105920K, reserved 1146880K
  class space    used 13870K, committed 14208K, reserved 1048576K
}
Event: 112.816 GC heap after
{Heap after GC invocations=56 (full 0):
 garbage-first heap   total 317440K, used 103329K [0x0000000080000000, 0x0000000100000000)
  region size 1024K, 5 young (5120K), 5 survivors (5120K)
 Metaspace       used 105184K, committed 105920K, reserved 1146880K
  class space    used 13870K, committed 14208K, reserved 1048576K
}
Event: 113.302 GC heap before
{Heap before GC invocations=56 (full 0):
 garbage-first heap   total 317440K, used 264097K [0x0000000080000000, 0x0000000100000000)
  region size 1024K, 161 young (164864K), 5 survivors (5120K)
 Metaspace       used 105236K, committed 105920K, reserved 1146880K
  class space    used 13871K, committed 14208K, reserved 1048576K
}
Event: 113.303 GC heap after
{Heap after GC invocations=57 (full 0):
 garbage-first heap   total 317440K, used 101365K [0x0000000080000000, 0x0000000100000000)
  region size 1024K, 3 young (3072K), 3 survivors (3072K)
 Metaspace       used 105236K, committed 105920K, reserved 1146880K
  class space    used 13871K, committed 14208K, reserved 1048576K
}
Event: 113.806 GC heap before
{Heap before GC invocations=57 (full 0):
 garbage-first heap   total 317440K, used 281589K [0x0000000080000000, 0x0000000100000000)
  region size 1024K, 165 young (168960K), 3 survivors (3072K)
 Metaspace       used 105359K, committed 106048K, reserved 1146880K
  class space    used 13876K, committed 14208K, reserved 1048576K
}
Event: 113.808 GC heap after
{Heap after GC invocations=58 (full 0):
 garbage-first heap   total 317440K, used 102958K [0x0000000080000000, 0x0000000100000000)
  region size 1024K, 4 young (4096K), 4 survivors (4096K)
 Metaspace       used 105359K, committed 106048K, reserved 1146880K
  class space    used 13876K, committed 14208K, reserved 1048576K
}
Event: 117.650 GC heap before
{Heap before GC invocations=58 (full 0):
 garbage-first heap   total 317440K, used 268846K [0x0000000080000000, 0x0000000100000000)
  region size 1024K, 167 young (171008K), 4 survivors (4096K)
 Metaspace       used 105431K, committed 106112K, reserved 1146880K
  class space    used 13876K, committed 14208K, reserved 1048576K
}
Event: 117.653 GC heap after
{Heap after GC invocations=59 (full 0):
 garbage-first heap   total 317440K, used 102491K [0x0000000080000000, 0x0000000100000000)
  region size 1024K, 4 young (4096K), 4 survivors (4096K)
 Metaspace       used 105431K, committed 106112K, reserved 1146880K
  class space    used 13876K, committed 14208K, reserved 1048576K
}
Event: 138.627 GC heap before
{Heap before GC invocations=59 (full 0):
 garbage-first heap   total 317440K, used 195675K [0x0000000080000000, 0x0000000100000000)
  region size 1024K, 59 young (60416K), 4 survivors (4096K)
 Metaspace       used 105448K, committed 106112K, reserved 1146880K
  class space    used 13879K, committed 14208K, reserved 1048576K
}
Event: 138.629 GC heap after
{Heap after GC invocations=60 (full 0):
 garbage-first heap   total 317440K, used 110171K [0x0000000080000000, 0x0000000100000000)
  region size 1024K, 4 young (4096K), 4 survivors (4096K)
 Metaspace       used 105448K, committed 106112K, reserved 1146880K
  class space    used 13879K, committed 14208K, reserved 1048576K
}
Event: 138.666 GC heap before
{Heap before GC invocations=60 (full 0):
 garbage-first heap   total 317440K, used 141915K [0x0000000080000000, 0x0000000100000000)
  region size 1024K, 7 young (7168K), 4 survivors (4096K)
 Metaspace       used 105448K, committed 106112K, reserved 1146880K
  class space    used 13879K, committed 14208K, reserved 1048576K
}
Event: 138.668 GC heap after
{Heap after GC invocations=61 (full 0):
 garbage-first heap   total 317440K, used 117051K [0x0000000080000000, 0x0000000100000000)
  region size 1024K, 5 young (5120K), 5 survivors (5120K)
 Metaspace       used 105448K, committed 106112K, reserved 1146880K
  class space    used 13879K, committed 14208K, reserved 1048576K
}
Event: 138.687 GC heap before
{Heap before GC invocations=61 (full 0):
 garbage-first heap   total 317440K, used 147771K [0x0000000080000000, 0x0000000100000000)
  region size 1024K, 8 young (8192K), 5 survivors (5120K)
 Metaspace       used 105448K, committed 106112K, reserved 1146880K
  class space    used 13879K, committed 14208K, reserved 1048576K
}
Event: 138.689 GC heap after
{Heap after GC invocations=62 (full 0):
 garbage-first heap   total 317440K, used 122501K [0x0000000080000000, 0x0000000100000000)
  region size 1024K, 5 young (5120K), 5 survivors (5120K)
 Metaspace       used 105448K, committed 106112K, reserved 1146880K
  class space    used 13879K, committed 14208K, reserved 1048576K
}
Event: 138.717 GC heap before
{Heap before GC invocations=62 (full 0):
 garbage-first heap   total 317440K, used 147077K [0x0000000080000000, 0x0000000100000000)
  region size 1024K, 7 young (7168K), 5 survivors (5120K)
 Metaspace       used 105448K, committed 106112K, reserved 1146880K
  class space    used 13879K, committed 14208K, reserved 1048576K
}
Event: 138.720 GC heap after
{Heap after GC invocations=63 (full 0):
 garbage-first heap   total 317440K, used 127603K [0x0000000080000000, 0x0000000100000000)
  region size 1024K, 6 young (6144K), 6 survivors (6144K)
 Metaspace       used 105448K, committed 106112K, reserved 1146880K
  class space    used 13879K, committed 14208K, reserved 1048576K
}
Event: 138.739 GC heap before
{Heap before GC invocations=63 (full 0):
 garbage-first heap   total 317440K, used 146035K [0x0000000080000000, 0x0000000100000000)
  region size 1024K, 8 young (8192K), 6 survivors (6144K)
 Metaspace       used 105448K, committed 106112K, reserved 1146880K
  class space    used 13879K, committed 14208K, reserved 1048576K
}

